c:\users\rin42\onedrive\desktop\2학년\2-2\객지프\과제\project03\oop16_proj3\debug\virtuallego.bsc
c:\users\rin42\onedrive\desktop\2학년\2-2\객지프\과제\project03\oop16_proj3\debug\vc143.pdb
c:\users\rin42\onedrive\desktop\2학년\2-2\객지프\과제\project03\oop16_proj3\debug\vc143.idb
c:\users\rin42\onedrive\desktop\2학년\2-2\객지프\과제\project03\oop16_proj3\debug\virtuallego.sbr
c:\users\rin42\onedrive\desktop\2학년\2-2\객지프\과제\project03\oop16_proj3\debug\d3dutility.sbr
c:\users\rin42\onedrive\desktop\2학년\2-2\객지프\과제\project03\oop16_proj3\debug\d3dutility.obj
c:\users\rin42\onedrive\desktop\2학년\2-2\객지프\과제\project03\oop16_proj3\debug\virtuallego.obj
c:\users\rin42\onedrive\desktop\2학년\2-2\객지프\과제\20231371_proj3\oop16_proj3\debug\vc143.pdb
c:\users\rin42\onedrive\desktop\2학년\2-2\객지프\과제\20231371_proj3\oop16_proj3\debug\vc143.idb
c:\users\rin42\onedrive\desktop\2학년\2-2\객지프\과제\20231371_proj3\oop16_proj3\debug\virtuallego.sbr
c:\users\rin42\onedrive\desktop\2학년\2-2\객지프\과제\20231371_proj3\oop16_proj3\debug\d3dutility.sbr
c:\users\rin42\onedrive\desktop\2학년\2-2\객지프\과제\20231371_proj3\oop16_proj3\debug\d3dutility.obj
c:\users\rin42\onedrive\desktop\2학년\2-2\객지프\과제\20231371_proj3\oop16_proj3\debug\virtuallego.obj
c:\users\rin42\onedrive\desktop\2학년\2-2\객지프\과제\project03\oop16_proj3\debug\virtuallego.exe
c:\users\rin42\onedrive\desktop\2학년\2-2\객지프\과제\project03\oop16_proj3\debug\virtuallego.pdb
c:\users\rin42\onedrive\desktop\2학년\2-2\객지프\과제\project03\oop16_proj3\debug\virtuallego.ilk
c:\users\rin42\onedrive\desktop\2학년\2-2\객지프\과제\20231371_proj3\oop16_proj3\debug\virtuallego.ilk
c:\users\rin42\onedrive\desktop\2학년\2-2\객지프\과제\20231371_proj3\oop16_proj3\debug\virtuallego.pdb
c:\users\rin42\onedrive\desktop\2학년\2-2\객지프\과제\20231371_proj3\oop16_proj3\debug\virtuallego.bsc
c:\users\rin42\onedrive\desktop\2학년\2-2\객지프\과제\20231371_proj3\oop16_proj3\debug\virtuallego.exe
c:\users\rin42\onedrive\desktop\2학년\2-2\객지프\과제\20231371_proj3\oop16_proj3\debug\virtuallego.tlog\bscmake.command.1.tlog
c:\users\rin42\onedrive\desktop\2학년\2-2\객지프\과제\20231371_proj3\oop16_proj3\debug\virtuallego.tlog\bscmake.read.1.tlog
c:\users\rin42\onedrive\desktop\2학년\2-2\객지프\과제\20231371_proj3\oop16_proj3\debug\virtuallego.tlog\bscmake.write.1.tlog
c:\users\rin42\onedrive\desktop\2학년\2-2\객지프\과제\20231371_proj3\oop16_proj3\debug\virtuallego.tlog\cl.command.1.tlog
c:\users\rin42\onedrive\desktop\2학년\2-2\객지프\과제\20231371_proj3\oop16_proj3\debug\virtuallego.tlog\cl.items.tlog
c:\users\rin42\onedrive\desktop\2학년\2-2\객지프\과제\20231371_proj3\oop16_proj3\debug\virtuallego.tlog\cl.read.1.tlog
c:\users\rin42\onedrive\desktop\2학년\2-2\객지프\과제\20231371_proj3\oop16_proj3\debug\virtuallego.tlog\cl.write.1.tlog
c:\users\rin42\onedrive\desktop\2학년\2-2\객지프\과제\20231371_proj3\oop16_proj3\debug\virtuallego.tlog\link.command.1.tlog
c:\users\rin42\onedrive\desktop\2학년\2-2\객지프\과제\20231371_proj3\oop16_proj3\debug\virtuallego.tlog\link.read.1.tlog
c:\users\rin42\onedrive\desktop\2학년\2-2\객지프\과제\20231371_proj3\oop16_proj3\debug\virtuallego.tlog\link.secondary.1.tlog
c:\users\rin42\onedrive\desktop\2학년\2-2\객지프\과제\20231371_proj3\oop16_proj3\debug\virtuallego.tlog\link.write.1.tlog
