cl : 명령줄  warning D9035: 'Gm' 옵션은 더 이상 사용되지 않으므로 이후 릴리스에서 제거될 예정입니다.
  virtualLego.cpp
C:\Users\rin42\OneDrive\Desktop\2학년\2-2\객지프\과제\20231371_proj3\oop16_proj3\d3dUtility.h(23,9): warning C4005: 'INFINITY': 매크로 재정의
  (소스 파일 'virtualLego.cpp'을(를) 컴파일하는 중)
      C:\Program Files (x86)\Windows Kits\10\Include\10.0.22621.0\ucrt\corecrt_math.h(88,9):
      'INFINITY'의 이전 정의를 참조하십시오.
  
C:\Users\rin42\OneDrive\Desktop\2학년\2-2\객지프\과제\20231371_proj3\oop16_proj3\virtualLego.cpp(159,29): warning C4244: '초기화 중': 'double'에서 'float'(으)로 변환하면서 데이터가 손실될 수 있습니다.
C:\Users\rin42\OneDrive\Desktop\2학년\2-2\객지프\과제\20231371_proj3\oop16_proj3\virtualLego.cpp(164,32): warning C4244: '초기화 중': 'double'에서 'float'(으)로 변환하면서 데이터가 손실될 수 있습니다.
C:\Users\rin42\OneDrive\Desktop\2학년\2-2\객지프\과제\20231371_proj3\oop16_proj3\virtualLego.cpp(165,32): warning C4244: '초기화 중': 'double'에서 'float'(으)로 변환하면서 데이터가 손실될 수 있습니다.
C:\Users\rin42\OneDrive\Desktop\2학년\2-2\객지프\과제\20231371_proj3\oop16_proj3\virtualLego.cpp(180,34): warning C4305: '초기화 중': 'double'에서 'float'(으)로 잘립니다.
C:\Users\rin42\OneDrive\Desktop\2학년\2-2\객지프\과제\20231371_proj3\oop16_proj3\virtualLego.cpp(201,28): warning C4244: '초기화 중': 'double'에서 'float'(으)로 변환하면서 데이터가 손실될 수 있습니다.
C:\Users\rin42\OneDrive\Desktop\2학년\2-2\객지프\과제\20231371_proj3\oop16_proj3\virtualLego.cpp(202,28): warning C4244: '초기화 중': 'double'에서 'float'(으)로 변환하면서 데이터가 손실될 수 있습니다.
C:\Users\rin42\OneDrive\Desktop\2학년\2-2\객지프\과제\20231371_proj3\oop16_proj3\virtualLego.cpp(221,28): warning C4244: '초기화 중': 'double'에서 'float'(으)로 변환하면서 데이터가 손실될 수 있습니다.
C:\Users\rin42\OneDrive\Desktop\2학년\2-2\객지프\과제\20231371_proj3\oop16_proj3\virtualLego.cpp(246,30): warning C4244: '=': 'double'에서 'float'(으)로 변환하면서 데이터가 손실될 수 있습니다.
C:\Users\rin42\OneDrive\Desktop\2학년\2-2\객지프\과제\20231371_proj3\oop16_proj3\virtualLego.cpp(247,30): warning C4244: '=': 'double'에서 'float'(으)로 변환하면서 데이터가 손실될 수 있습니다.
C:\Users\rin42\OneDrive\Desktop\2학년\2-2\객지프\과제\20231371_proj3\oop16_proj3\virtualLego.cpp(387,29): warning C4244: '초기화 중': 'double'에서 'float'(으)로 변환하면서 데이터가 손실될 수 있습니다.
C:\Users\rin42\OneDrive\Desktop\2학년\2-2\객지프\과제\20231371_proj3\oop16_proj3\virtualLego.cpp(388,29): warning C4244: '초기화 중': 'double'에서 'float'(으)로 변환하면서 데이터가 손실될 수 있습니다.
C:\Users\rin42\OneDrive\Desktop\2학년\2-2\객지프\과제\20231371_proj3\oop16_proj3\virtualLego.cpp(416,51): warning C4244: '*=': 'double'에서 'float'(으)로 변환하면서 데이터가 손실될 수 있습니다.
C:\Users\rin42\OneDrive\Desktop\2학년\2-2\객지프\과제\20231371_proj3\oop16_proj3\virtualLego.cpp(417,51): warning C4244: '*=': 'double'에서 'float'(으)로 변환하면서 데이터가 손실될 수 있습니다.
C:\Users\rin42\OneDrive\Desktop\2학년\2-2\객지프\과제\20231371_proj3\oop16_proj3\virtualLego.cpp(447,42): warning C4305: 'return': 'double'에서 'float'(으)로 잘립니다.
C:\Users\rin42\OneDrive\Desktop\2학년\2-2\객지프\과제\20231371_proj3\oop16_proj3\virtualLego.cpp(840,29): warning C4244: '=': 'int'에서 'float'(으)로 변환하면서 데이터가 손실될 수 있습니다.
C:\Users\rin42\OneDrive\Desktop\2학년\2-2\객지프\과제\20231371_proj3\oop16_proj3\virtualLego.cpp(845,49): warning C4305: '인수': 'double'에서 'float'(으)로 잘립니다.
C:\Users\rin42\OneDrive\Desktop\2학년\2-2\객지프\과제\20231371_proj3\oop16_proj3\virtualLego.cpp(851,48): warning C4305: '인수': 'double'에서 'float'(으)로 잘립니다.
  d3dUtility.cpp
C:\Users\rin42\OneDrive\Desktop\2학년\2-2\객지프\과제\20231371_proj3\oop16_proj3\d3dUtility.h(23,9): warning C4005: 'INFINITY': 매크로 재정의
  (소스 파일 'd3dUtility.cpp'을(를) 컴파일하는 중)
      C:\Program Files (x86)\Windows Kits\10\Include\10.0.22621.0\ucrt\corecrt_math.h(88,9):
      'INFINITY'의 이전 정의를 참조하십시오.
  
  코드를 생성하고 있습니다...
d3dUtility.obj : warning LNK4075: '/EDITANDCONTINUE'이(가) '/SAFESEH' 사양으로 인해 무시됩니다.
  VirtualLego.vcxproj -> C:\Users\rin42\OneDrive\Desktop\2학년\2-2\객지프\과제\20231371_proj3\oop16_proj3\Debug\VirtualLego.exe
